  main.cpp
e:\programs\c++\segmentation\PreProcessing.h(75): warning C4244: '=': conversion from 'double' to 'int', possible loss of data
e:\programs\c++\segmentation\PreProcessing.h(280): warning C4244: 'initializing': conversion from 'double' to 'int', possible loss of data
e:\programs\c++\segmentation\PreProcessing.h(281): warning C4244: 'initializing': conversion from 'double' to 'int', possible loss of data
e:\programs\c++\segmentation\PreProcessing.h(318): warning C4244: '=': conversion from 'double' to 'unsigned long', possible loss of data
e:\programs\c++\segmentation\Recognition.h(17): warning C4067: unexpected tokens following preprocessor directive - expected a newline
e:\programs\c++\segmentation\Recognition.h(55): warning C4267: 'argument': conversion from 'size_t' to 'int', possible loss of data
e:\programs\c++\segmentation\Recognition.h(158): warning C4244: '=': conversion from 'double' to 'float', possible loss of data
e:\programs\c++\segmentation\Recognition.h(159): warning C4244: '=': conversion from 'double' to 'float', possible loss of data
e:\programs\c++\segmentation\Recognition.h(160): warning C4244: '=': conversion from 'double' to 'float', possible loss of data
e:\programs\c++\segmentation\Recognition.h(161): warning C4244: '=': conversion from 'double' to 'float', possible loss of data
e:\programs\c++\segmentation\Recognition.h(162): warning C4244: '=': conversion from 'double' to 'float', possible loss of data
e:\programs\c++\segmentation\Recognition.h(163): warning C4244: '=': conversion from 'double' to 'float', possible loss of data
e:\programs\c++\segmentation\Recognition.h(164): warning C4244: '=': conversion from 'double' to 'float', possible loss of data
e:\programs\c++\segmentation\Recognition.h(165): warning C4244: '=': conversion from 'double' to 'float', possible loss of data
e:\programs\c++\segmentation\Recognition.h(166): warning C4244: '=': conversion from 'double' to 'float', possible loss of data
e:\programs\c++\segmentation\Recognition.h(167): warning C4244: '=': conversion from 'double' to 'float', possible loss of data
e:\programs\c++\segmentation\Recognition.h(169): warning C4244: '=': conversion from 'double' to 'float', possible loss of data
e:\programs\c++\segmentation\Recognition.h(170): warning C4244: '=': conversion from 'double' to 'float', possible loss of data
e:\programs\c++\segmentation\Recognition.h(171): warning C4244: '=': conversion from 'double' to 'float', possible loss of data
e:\programs\c++\segmentation\Recognition.h(172): warning C4244: '=': conversion from 'double' to 'float', possible loss of data
e:\programs\c++\segmentation\Recognition.h(173): warning C4244: '=': conversion from 'double' to 'float', possible loss of data
e:\programs\c++\segmentation\Recognition.h(174): warning C4244: '=': conversion from 'double' to 'float', possible loss of data
e:\programs\c++\segmentation\Recognition.h(175): warning C4244: '=': conversion from 'double' to 'float', possible loss of data
e:\programs\c++\segmentation\Recognition.h(176): warning C4244: '=': conversion from 'double' to 'float', possible loss of data
e:\programs\c++\segmentation\Recognition.h(177): warning C4244: '=': conversion from 'double' to 'float', possible loss of data
e:\programs\c++\segmentation\Recognition.h(178): warning C4244: '=': conversion from 'double' to 'float', possible loss of data
e:\programs\c++\segmentation\Recognition.h(179): warning C4244: '=': conversion from 'double' to 'float', possible loss of data
e:\programs\c++\segmentation\Recognition.h(180): warning C4244: '=': conversion from 'double' to 'float', possible loss of data
e:\programs\c++\segmentation\Recognition.h(181): warning C4244: '=': conversion from 'double' to 'float', possible loss of data
e:\programs\c++\segmentation\Recognition.h(182): warning C4244: '=': conversion from 'double' to 'float', possible loss of data
e:\programs\c++\segmentation\Recognition.h(184): warning C4244: '=': conversion from 'double' to 'float', possible loss of data
e:\programs\c++\segmentation\Recognition.h(185): warning C4244: '=': conversion from 'double' to 'float', possible loss of data
e:\programs\c++\segmentation\Recognition.h(186): warning C4244: '=': conversion from 'double' to 'float', possible loss of data
e:\programs\c++\segmentation\Recognition.h(187): warning C4244: '=': conversion from 'double' to 'float', possible loss of data
e:\programs\c++\segmentation\Recognition.h(188): warning C4244: '=': conversion from 'double' to 'float', possible loss of data
e:\programs\c++\segmentation\Recognition.h(189): warning C4244: '=': conversion from 'double' to 'float', possible loss of data
e:\programs\c++\segmentation\Recognition.h(190): warning C4244: '=': conversion from 'double' to 'float', possible loss of data
  PreProcessing.cpp
e:\programs\c++\segmentation\PreProcessing.h(75): warning C4244: '=': conversion from 'double' to 'int', possible loss of data
e:\programs\c++\segmentation\PreProcessing.h(280): warning C4244: 'initializing': conversion from 'double' to 'int', possible loss of data
e:\programs\c++\segmentation\PreProcessing.h(281): warning C4244: 'initializing': conversion from 'double' to 'int', possible loss of data
e:\programs\c++\segmentation\PreProcessing.h(318): warning C4244: '=': conversion from 'double' to 'unsigned long', possible loss of data
  Recognition.cpp
e:\programs\c++\segmentation\Recognition.h(17): warning C4067: unexpected tokens following preprocessor directive - expected a newline
e:\programs\c++\segmentation\Recognition.h(55): warning C4267: 'argument': conversion from 'size_t' to 'int', possible loss of data
e:\programs\c++\segmentation\Recognition.h(158): warning C4244: '=': conversion from 'double' to 'float', possible loss of data
e:\programs\c++\segmentation\Recognition.h(159): warning C4244: '=': conversion from 'double' to 'float', possible loss of data
e:\programs\c++\segmentation\Recognition.h(160): warning C4244: '=': conversion from 'double' to 'float', possible loss of data
e:\programs\c++\segmentation\Recognition.h(161): warning C4244: '=': conversion from 'double' to 'float', possible loss of data
e:\programs\c++\segmentation\Recognition.h(162): warning C4244: '=': conversion from 'double' to 'float', possible loss of data
e:\programs\c++\segmentation\Recognition.h(163): warning C4244: '=': conversion from 'double' to 'float', possible loss of data
e:\programs\c++\segmentation\Recognition.h(164): warning C4244: '=': conversion from 'double' to 'float', possible loss of data
e:\programs\c++\segmentation\Recognition.h(165): warning C4244: '=': conversion from 'double' to 'float', possible loss of data
e:\programs\c++\segmentation\Recognition.h(166): warning C4244: '=': conversion from 'double' to 'float', possible loss of data
e:\programs\c++\segmentation\Recognition.h(167): warning C4244: '=': conversion from 'double' to 'float', possible loss of data
e:\programs\c++\segmentation\Recognition.h(169): warning C4244: '=': conversion from 'double' to 'float', possible loss of data
e:\programs\c++\segmentation\Recognition.h(170): warning C4244: '=': conversion from 'double' to 'float', possible loss of data
e:\programs\c++\segmentation\Recognition.h(171): warning C4244: '=': conversion from 'double' to 'float', possible loss of data
e:\programs\c++\segmentation\Recognition.h(172): warning C4244: '=': conversion from 'double' to 'float', possible loss of data
e:\programs\c++\segmentation\Recognition.h(173): warning C4244: '=': conversion from 'double' to 'float', possible loss of data
e:\programs\c++\segmentation\Recognition.h(174): warning C4244: '=': conversion from 'double' to 'float', possible loss of data
e:\programs\c++\segmentation\Recognition.h(175): warning C4244: '=': conversion from 'double' to 'float', possible loss of data
e:\programs\c++\segmentation\Recognition.h(176): warning C4244: '=': conversion from 'double' to 'float', possible loss of data
e:\programs\c++\segmentation\Recognition.h(177): warning C4244: '=': conversion from 'double' to 'float', possible loss of data
e:\programs\c++\segmentation\Recognition.h(178): warning C4244: '=': conversion from 'double' to 'float', possible loss of data
e:\programs\c++\segmentation\Recognition.h(179): warning C4244: '=': conversion from 'double' to 'float', possible loss of data
e:\programs\c++\segmentation\Recognition.h(180): warning C4244: '=': conversion from 'double' to 'float', possible loss of data
e:\programs\c++\segmentation\Recognition.h(181): warning C4244: '=': conversion from 'double' to 'float', possible loss of data
e:\programs\c++\segmentation\Recognition.h(182): warning C4244: '=': conversion from 'double' to 'float', possible loss of data
e:\programs\c++\segmentation\Recognition.h(184): warning C4244: '=': conversion from 'double' to 'float', possible loss of data
e:\programs\c++\segmentation\Recognition.h(185): warning C4244: '=': conversion from 'double' to 'float', possible loss of data
e:\programs\c++\segmentation\Recognition.h(186): warning C4244: '=': conversion from 'double' to 'float', possible loss of data
e:\programs\c++\segmentation\Recognition.h(187): warning C4244: '=': conversion from 'double' to 'float', possible loss of data
e:\programs\c++\segmentation\Recognition.h(188): warning C4244: '=': conversion from 'double' to 'float', possible loss of data
e:\programs\c++\segmentation\Recognition.h(189): warning C4244: '=': conversion from 'double' to 'float', possible loss of data
e:\programs\c++\segmentation\Recognition.h(190): warning C4244: '=': conversion from 'double' to 'float', possible loss of data
  Windows.cpp
  Generating code
  553 of 553 functions (100.0%) were compiled, the rest were copied from previous compilation.
    552 functions were new in current compilation
    0 functions had inline decision re-evaluated but remain unchanged
  Finished generating code
  Segmentation.vcxproj -> E:\Programs\C++\OCR\x64\Release\Segmentation.exe
  Segmentation.vcxproj -> E:\Programs\C++\OCR\x64\Release\Segmentation.pdb (Full PDB)
