g:\programs\c++\qt\recognitionnlp\recognitionnlp\x64\release\test.obj
g:\programs\c++\qt\recognitionnlp\recognitionnlp\x64\release\svminformations.obj
g:\programs\c++\qt\recognitionnlp\recognitionnlp\x64\release\svm.obj
g:\programs\c++\qt\recognitionnlp\recognitionnlp\x64\release\segmentation.obj
g:\programs\c++\qt\recognitionnlp\recognitionnlp\x64\release\recognitionnlp.obj
g:\programs\c++\qt\recognitionnlp\recognitionnlp\x64\release\propertys.obj
g:\programs\c++\qt\recognitionnlp\recognitionnlp\x64\release\preprocessing.obj
g:\programs\c++\qt\recognitionnlp\recognitionnlp\x64\release\main.obj
g:\programs\c++\qt\recognitionnlp\recognitionnlp\x64\release\imagesign.obj
g:\programs\c++\qt\recognitionnlp\recognitionnlp\x64\release\moc_recognitionnlp.obj
g:\programs\c++\qt\recognitionnlp\recognitionnlp\x64\release\distorted.obj
g:\programs\c++\qt\recognitionnlp\recognitionnlp\x64\release\basicinformations.obj
g:\programs\c++\qt\recognitionnlp\recognitionnlp\x64\release\qrc_recognitionnlp.obj
g:\programs\c++\qt\recognitionnlp\recognitionnlp\generatedfiles\qrc_recognitionnlp.cpp
g:\programs\c++\qt\recognitionnlp\recognitionnlp\generatedfiles\ui_recognitionnlp.h
g:\programs\c++\qt\recognitionnlp\recognitionnlp\generatedfiles\release\moc_recognitionnlp.cpp
g:\programs\c++\qt\recognitionnlp\x64\release\recognitionnlp.exe
g:\programs\c++\qt\recognitionnlp\recognitionnlp\x64\release\recognitionnlp.tlog\cl.command.1.tlog
g:\programs\c++\qt\recognitionnlp\recognitionnlp\x64\release\recognitionnlp.tlog\cl.read.1.tlog
g:\programs\c++\qt\recognitionnlp\recognitionnlp\x64\release\recognitionnlp.tlog\cl.write.1.tlog
g:\programs\c++\qt\recognitionnlp\recognitionnlp\x64\release\recognitionnlp.tlog\custombuild.command.1.tlog
g:\programs\c++\qt\recognitionnlp\recognitionnlp\x64\release\recognitionnlp.tlog\custombuild.read.1.tlog
g:\programs\c++\qt\recognitionnlp\recognitionnlp\x64\release\recognitionnlp.tlog\custombuild.write.1.tlog
g:\programs\c++\qt\recognitionnlp\recognitionnlp\x64\release\recognitionnlp.tlog\link.command.1.tlog
g:\programs\c++\qt\recognitionnlp\recognitionnlp\x64\release\recognitionnlp.tlog\link.read.1.tlog
g:\programs\c++\qt\recognitionnlp\recognitionnlp\x64\release\recognitionnlp.tlog\link.write.1.tlog
