  Windows.cpp
  Recognition.cpp
e:\programs\c++\segmentation\recognition.h(17): warning C4067: unexpected tokens following preprocessor directive - expected a newline
e:\programs\c++\segmentation\recognition.h(55): warning C4267: 'argument': conversion from 'size_t' to 'int', possible loss of data
e:\programs\c++\segmentation\recognition.h(158): warning C4244: '=': conversion from 'double' to 'float', possible loss of data
e:\programs\c++\segmentation\recognition.h(159): warning C4244: '=': conversion from 'double' to 'float', possible loss of data
e:\programs\c++\segmentation\recognition.h(160): warning C4244: '=': conversion from 'double' to 'float', possible loss of data
e:\programs\c++\segmentation\recognition.h(161): warning C4244: '=': conversion from 'double' to 'float', possible loss of data
e:\programs\c++\segmentation\recognition.h(162): warning C4244: '=': conversion from 'double' to 'float', possible loss of data
e:\programs\c++\segmentation\recognition.h(163): warning C4244: '=': conversion from 'double' to 'float', possible loss of data
e:\programs\c++\segmentation\recognition.h(164): warning C4244: '=': conversion from 'double' to 'float', possible loss of data
e:\programs\c++\segmentation\recognition.h(165): warning C4244: '=': conversion from 'double' to 'float', possible loss of data
e:\programs\c++\segmentation\recognition.h(166): warning C4244: '=': conversion from 'double' to 'float', possible loss of data
e:\programs\c++\segmentation\recognition.h(167): warning C4244: '=': conversion from 'double' to 'float', possible loss of data
e:\programs\c++\segmentation\recognition.h(169): warning C4244: '=': conversion from 'double' to 'float', possible loss of data
e:\programs\c++\segmentation\recognition.h(170): warning C4244: '=': conversion from 'double' to 'float', possible loss of data
e:\programs\c++\segmentation\recognition.h(171): warning C4244: '=': conversion from 'double' to 'float', possible loss of data
e:\programs\c++\segmentation\recognition.h(172): warning C4244: '=': conversion from 'double' to 'float', possible loss of data
e:\programs\c++\segmentation\recognition.h(173): warning C4244: '=': conversion from 'double' to 'float', possible loss of data
e:\programs\c++\segmentation\recognition.h(174): warning C4244: '=': conversion from 'double' to 'float', possible loss of data
e:\programs\c++\segmentation\recognition.h(175): warning C4244: '=': conversion from 'double' to 'float', possible loss of data
e:\programs\c++\segmentation\recognition.h(176): warning C4244: '=': conversion from 'double' to 'float', possible loss of data
e:\programs\c++\segmentation\recognition.h(177): warning C4244: '=': conversion from 'double' to 'float', possible loss of data
e:\programs\c++\segmentation\recognition.h(178): warning C4244: '=': conversion from 'double' to 'float', possible loss of data
e:\programs\c++\segmentation\recognition.h(179): warning C4244: '=': conversion from 'double' to 'float', possible loss of data
e:\programs\c++\segmentation\recognition.h(180): warning C4244: '=': conversion from 'double' to 'float', possible loss of data
e:\programs\c++\segmentation\recognition.h(181): warning C4244: '=': conversion from 'double' to 'float', possible loss of data
e:\programs\c++\segmentation\recognition.h(182): warning C4244: '=': conversion from 'double' to 'float', possible loss of data
e:\programs\c++\segmentation\recognition.h(184): warning C4244: '=': conversion from 'double' to 'float', possible loss of data
e:\programs\c++\segmentation\recognition.h(185): warning C4244: '=': conversion from 'double' to 'float', possible loss of data
e:\programs\c++\segmentation\recognition.h(186): warning C4244: '=': conversion from 'double' to 'float', possible loss of data
e:\programs\c++\segmentation\recognition.h(187): warning C4244: '=': conversion from 'double' to 'float', possible loss of data
e:\programs\c++\segmentation\recognition.h(188): warning C4244: '=': conversion from 'double' to 'float', possible loss of data
e:\programs\c++\segmentation\recognition.h(189): warning C4244: '=': conversion from 'double' to 'float', possible loss of data
e:\programs\c++\segmentation\recognition.h(190): warning C4244: '=': conversion from 'double' to 'float', possible loss of data
  PreProcessing.cpp
e:\programs\c++\segmentation\preprocessing.h(75): warning C4244: '=': conversion from 'double' to 'int', possible loss of data
e:\programs\c++\segmentation\preprocessing.h(280): warning C4244: 'initializing': conversion from 'double' to 'int', possible loss of data
e:\programs\c++\segmentation\preprocessing.h(281): warning C4244: 'initializing': conversion from 'double' to 'int', possible loss of data
e:\programs\c++\segmentation\preprocessing.h(318): warning C4244: '=': conversion from 'double' to 'unsigned long', possible loss of data
  main.cpp
e:\programs\c++\segmentation\preprocessing.h(75): warning C4244: '=': conversion from 'double' to 'int', possible loss of data
e:\programs\c++\segmentation\preprocessing.h(280): warning C4244: 'initializing': conversion from 'double' to 'int', possible loss of data
e:\programs\c++\segmentation\preprocessing.h(281): warning C4244: 'initializing': conversion from 'double' to 'int', possible loss of data
e:\programs\c++\segmentation\preprocessing.h(318): warning C4244: '=': conversion from 'double' to 'unsigned long', possible loss of data
e:\programs\c++\segmentation\recognition.h(17): warning C4067: unexpected tokens following preprocessor directive - expected a newline
e:\programs\c++\segmentation\recognition.h(55): warning C4267: 'argument': conversion from 'size_t' to 'int', possible loss of data
e:\programs\c++\segmentation\recognition.h(158): warning C4244: '=': conversion from 'double' to 'float', possible loss of data
e:\programs\c++\segmentation\recognition.h(159): warning C4244: '=': conversion from 'double' to 'float', possible loss of data
e:\programs\c++\segmentation\recognition.h(160): warning C4244: '=': conversion from 'double' to 'float', possible loss of data
e:\programs\c++\segmentation\recognition.h(161): warning C4244: '=': conversion from 'double' to 'float', possible loss of data
e:\programs\c++\segmentation\recognition.h(162): warning C4244: '=': conversion from 'double' to 'float', possible loss of data
e:\programs\c++\segmentation\recognition.h(163): warning C4244: '=': conversion from 'double' to 'float', possible loss of data
e:\programs\c++\segmentation\recognition.h(164): warning C4244: '=': conversion from 'double' to 'float', possible loss of data
e:\programs\c++\segmentation\recognition.h(165): warning C4244: '=': conversion from 'double' to 'float', possible loss of data
e:\programs\c++\segmentation\recognition.h(166): warning C4244: '=': conversion from 'double' to 'float', possible loss of data
e:\programs\c++\segmentation\recognition.h(167): warning C4244: '=': conversion from 'double' to 'float', possible loss of data
e:\programs\c++\segmentation\recognition.h(169): warning C4244: '=': conversion from 'double' to 'float', possible loss of data
e:\programs\c++\segmentation\recognition.h(170): warning C4244: '=': conversion from 'double' to 'float', possible loss of data
e:\programs\c++\segmentation\recognition.h(171): warning C4244: '=': conversion from 'double' to 'float', possible loss of data
e:\programs\c++\segmentation\recognition.h(172): warning C4244: '=': conversion from 'double' to 'float', possible loss of data
e:\programs\c++\segmentation\recognition.h(173): warning C4244: '=': conversion from 'double' to 'float', possible loss of data
e:\programs\c++\segmentation\recognition.h(174): warning C4244: '=': conversion from 'double' to 'float', possible loss of data
e:\programs\c++\segmentation\recognition.h(175): warning C4244: '=': conversion from 'double' to 'float', possible loss of data
e:\programs\c++\segmentation\recognition.h(176): warning C4244: '=': conversion from 'double' to 'float', possible loss of data
e:\programs\c++\segmentation\recognition.h(177): warning C4244: '=': conversion from 'double' to 'float', possible loss of data
e:\programs\c++\segmentation\recognition.h(178): warning C4244: '=': conversion from 'double' to 'float', possible loss of data
e:\programs\c++\segmentation\recognition.h(179): warning C4244: '=': conversion from 'double' to 'float', possible loss of data
e:\programs\c++\segmentation\recognition.h(180): warning C4244: '=': conversion from 'double' to 'float', possible loss of data
e:\programs\c++\segmentation\recognition.h(181): warning C4244: '=': conversion from 'double' to 'float', possible loss of data
e:\programs\c++\segmentation\recognition.h(182): warning C4244: '=': conversion from 'double' to 'float', possible loss of data
e:\programs\c++\segmentation\recognition.h(184): warning C4244: '=': conversion from 'double' to 'float', possible loss of data
e:\programs\c++\segmentation\recognition.h(185): warning C4244: '=': conversion from 'double' to 'float', possible loss of data
e:\programs\c++\segmentation\recognition.h(186): warning C4244: '=': conversion from 'double' to 'float', possible loss of data
e:\programs\c++\segmentation\recognition.h(187): warning C4244: '=': conversion from 'double' to 'float', possible loss of data
e:\programs\c++\segmentation\recognition.h(188): warning C4244: '=': conversion from 'double' to 'float', possible loss of data
e:\programs\c++\segmentation\recognition.h(189): warning C4244: '=': conversion from 'double' to 'float', possible loss of data
e:\programs\c++\segmentation\recognition.h(190): warning C4244: '=': conversion from 'double' to 'float', possible loss of data
  Generating Code...
  Segmentation.vcxproj -> E:\Programs\C++\OCR\x64\Debug\Segmentation.exe
  Segmentation.vcxproj -> E:\Programs\C++\OCR\x64\Debug\Segmentation.pdb (Partial PDB)
