e:\programs\c++\ocr\ocr\x64\debug\vc140.pdb
e:\programs\c++\ocr\ocr\x64\debug\windows.obj
e:\programs\c++\ocr\ocr\x64\debug\segmentation.obj
e:\programs\c++\ocr\ocr\x64\debug\preprocessing.obj
e:\programs\c++\ocr\ocr\x64\debug\ocr.obj
e:\programs\c++\ocr\ocr\x64\debug\main.obj
e:\programs\c++\ocr\ocr\x64\debug\moc_ocr.obj
e:\programs\c++\ocr\ocr\x64\debug\qrc_ocr.obj
e:\programs\c++\ocr\ocr\generatedfiles\debug\moc_ocr.cpp
e:\programs\c++\ocr\ocr\generatedfiles\ui_ocr.h
e:\programs\c++\ocr\ocr\generatedfiles\qrc_ocr.cpp
e:\programs\c++\ocr\x64\debug\ocr.pdb
e:\programs\c++\ocr\ocr\x64\debug\ocr.tlog\cl.command.1.tlog
e:\programs\c++\ocr\ocr\x64\debug\ocr.tlog\cl.read.1.tlog
e:\programs\c++\ocr\ocr\x64\debug\ocr.tlog\cl.write.1.tlog
e:\programs\c++\ocr\ocr\x64\debug\ocr.tlog\custombuild.command.1.tlog
e:\programs\c++\ocr\ocr\x64\debug\ocr.tlog\custombuild.read.1.tlog
e:\programs\c++\ocr\ocr\x64\debug\ocr.tlog\custombuild.write.1.tlog
e:\programs\c++\ocr\ocr\x64\debug\ocr.tlog\link.command.1.tlog
e:\programs\c++\ocr\ocr\x64\debug\ocr.tlog\link.read.1.tlog
e:\programs\c++\ocr\ocr\x64\debug\ocr.tlog\link.write.1.tlog
