e:\programs\c++\ocr\ocr\x64\release\qrc_ocr.obj
e:\programs\c++\ocr\ocr\x64\release\windows.obj
e:\programs\c++\ocr\ocr\x64\release\segmentation.obj
e:\programs\c++\ocr\ocr\x64\release\preprocessing.obj
e:\programs\c++\ocr\ocr\x64\release\ocr.obj
e:\programs\c++\ocr\ocr\x64\release\main.obj
e:\programs\c++\ocr\ocr\x64\release\moc_ocr.obj
e:\programs\c++\ocr\ocr\generatedfiles\release\moc_ocr.cpp
e:\programs\c++\ocr\ocr\generatedfiles\ui_ocr.h
e:\programs\c++\ocr\ocr\generatedfiles\qrc_ocr.cpp
e:\programs\c++\ocr\x64\release\ocr.exe
e:\programs\c++\ocr\ocr\x64\release\ocr.tlog\cl.command.1.tlog
e:\programs\c++\ocr\ocr\x64\release\ocr.tlog\cl.read.1.tlog
e:\programs\c++\ocr\ocr\x64\release\ocr.tlog\cl.write.1.tlog
e:\programs\c++\ocr\ocr\x64\release\ocr.tlog\custombuild.command.1.tlog
e:\programs\c++\ocr\ocr\x64\release\ocr.tlog\custombuild.read.1.tlog
e:\programs\c++\ocr\ocr\x64\release\ocr.tlog\custombuild.write.1.tlog
e:\programs\c++\ocr\ocr\x64\release\ocr.tlog\link.command.1.tlog
e:\programs\c++\ocr\ocr\x64\release\ocr.tlog\link.read.1.tlog
e:\programs\c++\ocr\ocr\x64\release\ocr.tlog\link.write.1.tlog
