g:\programs\c++\qt\recognitionnlp\recognitionnlp\x64\debug\vc140.pdb
g:\programs\c++\qt\recognitionnlp\recognitionnlp\x64\debug\recognitionnlp.obj
g:\programs\c++\qt\recognitionnlp\recognitionnlp\x64\debug\main.obj
g:\programs\c++\qt\recognitionnlp\recognitionnlp\x64\debug\moc_recognitionnlp.obj
g:\programs\c++\qt\recognitionnlp\recognitionnlp\x64\debug\basicinformations.obj
g:\programs\c++\qt\recognitionnlp\recognitionnlp\x64\debug\qrc_recognitionnlp.obj
g:\programs\c++\qt\recognitionnlp\recognitionnlp\generatedfiles\debug\moc_recognitionnlp.cpp
g:\programs\c++\qt\recognitionnlp\recognitionnlp\generatedfiles\ui_recognitionnlp.h
g:\programs\c++\qt\recognitionnlp\recognitionnlp\generatedfiles\qrc_recognitionnlp.cpp
g:\programs\c++\qt\recognitionnlp\x64\debug\recognitionnlp.pdb
g:\programs\c++\qt\recognitionnlp\recognitionnlp\x64\debug\recognitionnlp.tlog\cl.command.1.tlog
g:\programs\c++\qt\recognitionnlp\recognitionnlp\x64\debug\recognitionnlp.tlog\cl.read.1.tlog
g:\programs\c++\qt\recognitionnlp\recognitionnlp\x64\debug\recognitionnlp.tlog\cl.write.1.tlog
g:\programs\c++\qt\recognitionnlp\recognitionnlp\x64\debug\recognitionnlp.tlog\custombuild.command.1.tlog
g:\programs\c++\qt\recognitionnlp\recognitionnlp\x64\debug\recognitionnlp.tlog\custombuild.read.1.tlog
g:\programs\c++\qt\recognitionnlp\recognitionnlp\x64\debug\recognitionnlp.tlog\custombuild.write.1.tlog
g:\programs\c++\qt\recognitionnlp\recognitionnlp\x64\debug\recognitionnlp.tlog\link-cvtres.read.1.tlog
g:\programs\c++\qt\recognitionnlp\recognitionnlp\x64\debug\recognitionnlp.tlog\link-cvtres.write.1.tlog
g:\programs\c++\qt\recognitionnlp\recognitionnlp\x64\debug\recognitionnlp.tlog\link-rc.read.1.tlog
g:\programs\c++\qt\recognitionnlp\recognitionnlp\x64\debug\recognitionnlp.tlog\link-rc.write.1.tlog
g:\programs\c++\qt\recognitionnlp\recognitionnlp\x64\debug\recognitionnlp.tlog\link.command.1.tlog
g:\programs\c++\qt\recognitionnlp\recognitionnlp\x64\debug\recognitionnlp.tlog\link.read.1.tlog
g:\programs\c++\qt\recognitionnlp\recognitionnlp\x64\debug\recognitionnlp.tlog\link.write.1.tlog
