  main.cpp
e:\programs\c++\recognitionnumber\recognitionnumber\Recognition.h(17): warning C4067: unexpected tokens following preprocessor directive - expected a newline
e:\programs\c++\recognitionnumber\recognitionnumber\Recognition.h(59): warning C4267: 'argument': conversion from 'size_t' to 'int', possible loss of data
e:\programs\c++\recognitionnumber\recognitionnumber\Recognition.h(162): warning C4244: '=': conversion from 'double' to 'float', possible loss of data
e:\programs\c++\recognitionnumber\recognitionnumber\Recognition.h(163): warning C4244: '=': conversion from 'double' to 'float', possible loss of data
e:\programs\c++\recognitionnumber\recognitionnumber\Recognition.h(164): warning C4244: '=': conversion from 'double' to 'float', possible loss of data
e:\programs\c++\recognitionnumber\recognitionnumber\Recognition.h(165): warning C4244: '=': conversion from 'double' to 'float', possible loss of data
e:\programs\c++\recognitionnumber\recognitionnumber\Recognition.h(166): warning C4244: '=': conversion from 'double' to 'float', possible loss of data
e:\programs\c++\recognitionnumber\recognitionnumber\Recognition.h(167): warning C4244: '=': conversion from 'double' to 'float', possible loss of data
e:\programs\c++\recognitionnumber\recognitionnumber\Recognition.h(168): warning C4244: '=': conversion from 'double' to 'float', possible loss of data
e:\programs\c++\recognitionnumber\recognitionnumber\Recognition.h(169): warning C4244: '=': conversion from 'double' to 'float', possible loss of data
e:\programs\c++\recognitionnumber\recognitionnumber\Recognition.h(170): warning C4244: '=': conversion from 'double' to 'float', possible loss of data
e:\programs\c++\recognitionnumber\recognitionnumber\Recognition.h(171): warning C4244: '=': conversion from 'double' to 'float', possible loss of data
e:\programs\c++\recognitionnumber\recognitionnumber\Recognition.h(173): warning C4244: '=': conversion from 'double' to 'float', possible loss of data
e:\programs\c++\recognitionnumber\recognitionnumber\Recognition.h(174): warning C4244: '=': conversion from 'double' to 'float', possible loss of data
e:\programs\c++\recognitionnumber\recognitionnumber\Recognition.h(175): warning C4244: '=': conversion from 'double' to 'float', possible loss of data
e:\programs\c++\recognitionnumber\recognitionnumber\Recognition.h(176): warning C4244: '=': conversion from 'double' to 'float', possible loss of data
e:\programs\c++\recognitionnumber\recognitionnumber\Recognition.h(177): warning C4244: '=': conversion from 'double' to 'float', possible loss of data
e:\programs\c++\recognitionnumber\recognitionnumber\Recognition.h(178): warning C4244: '=': conversion from 'double' to 'float', possible loss of data
e:\programs\c++\recognitionnumber\recognitionnumber\Recognition.h(179): warning C4244: '=': conversion from 'double' to 'float', possible loss of data
e:\programs\c++\recognitionnumber\recognitionnumber\Recognition.h(180): warning C4244: '=': conversion from 'double' to 'float', possible loss of data
e:\programs\c++\recognitionnumber\recognitionnumber\Recognition.h(181): warning C4244: '=': conversion from 'double' to 'float', possible loss of data
e:\programs\c++\recognitionnumber\recognitionnumber\Recognition.h(182): warning C4244: '=': conversion from 'double' to 'float', possible loss of data
e:\programs\c++\recognitionnumber\recognitionnumber\Recognition.h(183): warning C4244: '=': conversion from 'double' to 'float', possible loss of data
e:\programs\c++\recognitionnumber\recognitionnumber\Recognition.h(184): warning C4244: '=': conversion from 'double' to 'float', possible loss of data
e:\programs\c++\recognitionnumber\recognitionnumber\Recognition.h(185): warning C4244: '=': conversion from 'double' to 'float', possible loss of data
e:\programs\c++\recognitionnumber\recognitionnumber\Recognition.h(186): warning C4244: '=': conversion from 'double' to 'float', possible loss of data
e:\programs\c++\recognitionnumber\recognitionnumber\Recognition.h(188): warning C4244: '=': conversion from 'double' to 'float', possible loss of data
e:\programs\c++\recognitionnumber\recognitionnumber\Recognition.h(189): warning C4244: '=': conversion from 'double' to 'float', possible loss of data
e:\programs\c++\recognitionnumber\recognitionnumber\Recognition.h(190): warning C4244: '=': conversion from 'double' to 'float', possible loss of data
e:\programs\c++\recognitionnumber\recognitionnumber\Recognition.h(191): warning C4244: '=': conversion from 'double' to 'float', possible loss of data
e:\programs\c++\recognitionnumber\recognitionnumber\Recognition.h(192): warning C4244: '=': conversion from 'double' to 'float', possible loss of data
e:\programs\c++\recognitionnumber\recognitionnumber\Recognition.h(193): warning C4244: '=': conversion from 'double' to 'float', possible loss of data
e:\programs\c++\recognitionnumber\recognitionnumber\Recognition.h(194): warning C4244: '=': conversion from 'double' to 'float', possible loss of data
e:\programs\c++\recognitionnumber\recognitionnumber\PreProcessing.h(76): warning C4244: '=': conversion from 'double' to 'int', possible loss of data
e:\programs\c++\recognitionnumber\recognitionnumber\PreProcessing.h(281): warning C4244: 'initializing': conversion from 'double' to 'int', possible loss of data
e:\programs\c++\recognitionnumber\recognitionnumber\PreProcessing.h(282): warning C4244: 'initializing': conversion from 'double' to 'int', possible loss of data
e:\programs\c++\recognitionnumber\recognitionnumber\PreProcessing.h(319): warning C4244: '=': conversion from 'double' to 'unsigned long', possible loss of data
  Generating code
  7 of 563 functions ( 1.2%) were compiled, the rest were copied from previous compilation.
    0 functions were new in current compilation
    2 functions had inline decision re-evaluated but remain unchanged
  Finished generating code
  RecognitionNumber.vcxproj -> E:\Programs\C++\RecognitionNumber\x64\Release\RecognitionNumber.exe
  RecognitionNumber.vcxproj -> E:\Programs\C++\RecognitionNumber\x64\Release\RecognitionNumber.pdb (Full PDB)
